  main.cpp
C:\Users\casey.kuhns\Documents\GitHub\imguDemo\DemoGui\main.cpp(222,18): warning C4189: 'buttonHeight': local variable is initialized but not referenced
LINK : warning LNK4075: ignoring '/INCREMENTAL' due to '/LTCG' specification
main.obj : error LNK2001: unresolved external symbol "bool __cdecl ImGui_ImplGlfw_InitForOpenGL(struct GLFWwindow *,bool)" (?ImGui_ImplGlfw_InitForOpenGL@@YA_NPEAUGLFWwindow@@_N@Z)
main.obj : error LNK2001: unresolved external symbol "public: void __cdecl ImDrawList::AddRect(struct ImVec2 const &,struct ImVec2 const &,unsigned int,float,int,float)" (?AddRect@ImDrawList@@QEAAXAEBUImVec2@@0IMHM@Z)
main.obj : error LNK2001: unresolved external symbol "void __cdecl ImGui_ImplOpenGL3_NewFrame(void)" (?ImGui_ImplOpenGL3_NewFrame@@YAXXZ)
main.obj : error LNK2001: unresolved external symbol "void __cdecl ImGui_ImplGlfw_NewFrame(void)" (?ImGui_ImplGlfw_NewFrame@@YAXXZ)
main.obj : error LNK2001: unresolved external symbol "void __cdecl ImGui_ImplOpenGL3_Shutdown(void)" (?ImGui_ImplOpenGL3_Shutdown@@YAXXZ)
main.obj : error LNK2001: unresolved external symbol "bool __cdecl ImGui_ImplOpenGL3_Init(char const *)" (?ImGui_ImplOpenGL3_Init@@YA_NPEBD@Z)
main.obj : error LNK2001: unresolved external symbol "void __cdecl ImGui_ImplOpenGL3_RenderDrawData(struct ImDrawData *)" (?ImGui_ImplOpenGL3_RenderDrawData@@YAXPEAUImDrawData@@@Z)
main.obj : error LNK2001: unresolved external symbol "void __cdecl ImGui_ImplGlfw_Shutdown(void)" (?ImGui_ImplGlfw_Shutdown@@YAXXZ)
main.obj : error LNK2001: unresolved external symbol "bool __cdecl ImGui::ColorEdit3(char const *,float * const,int)" (?ColorEdit3@ImGui@@YA_NPEBDQEAMH@Z)
main.obj : error LNK2001: unresolved external symbol "void __cdecl ImGui::End(void)" (?End@ImGui@@YAXXZ)
main.obj : error LNK2001: unresolved external symbol "struct ImGuiIO & __cdecl ImGui::GetIO(void)" (?GetIO@ImGui@@YAAEAUImGuiIO@@XZ)
main.obj : error LNK2001: unresolved external symbol "bool __cdecl ImGui::Checkbox(char const *,bool *)" (?Checkbox@ImGui@@YA_NPEBDPEA_N@Z)
main.obj : error LNK2001: unresolved external symbol "bool __cdecl ImGui::SliderFloat(char const *,float *,float,float,char const *,int)" (?SliderFloat@ImGui@@YA_NPEBDPEAMMM0H@Z)
main.obj : error LNK2001: unresolved external symbol "bool __cdecl ImGui::DebugCheckVersionAndDataLayout(char const *,unsigned __int64,unsigned __int64,unsigned __int64,unsigned __int64,unsigned __int64,unsigned __int64)" (?DebugCheckVersionAndDataLayout@ImGui@@YA_NPEBD_K11111@Z)
main.obj : error LNK2001: unresolved external symbol "struct ImDrawData * __cdecl ImGui::GetDrawData(void)" (?GetDrawData@ImGui@@YAPEAUImDrawData@@XZ)
main.obj : error LNK2001: unresolved external symbol "bool __cdecl ImGui::Button(char const *,struct ImVec2 const &)" (?Button@ImGui@@YA_NPEBDAEBUImVec2@@@Z)
main.obj : error LNK2001: unresolved external symbol "void __cdecl ImGui::SameLine(float,float)" (?SameLine@ImGui@@YAXMM@Z)
main.obj : error LNK2001: unresolved external symbol "struct ImGuiContext * __cdecl ImGui::CreateContext(struct ImFontAtlas *)" (?CreateContext@ImGui@@YAPEAUImGuiContext@@PEAUImFontAtlas@@@Z)
main.obj : error LNK2001: unresolved external symbol "void __cdecl ImGui::ShowDemoWindow(bool *)" (?ShowDemoWindow@ImGui@@YAXPEA_N@Z)
main.obj : error LNK2001: unresolved external symbol "void __cdecl ImGui::NewFrame(void)" (?NewFrame@ImGui@@YAXXZ)
main.obj : error LNK2001: unresolved external symbol "struct ImVec2 __cdecl ImGui::CalcTextSize(char const *,char const *,bool,float)" (?CalcTextSize@ImGui@@YA?AUImVec2@@PEBD0_NM@Z)
main.obj : error LNK2001: unresolved external symbol "void __cdecl ImGui::StyleColorsClassic(struct ImGuiStyle *)" (?StyleColorsClassic@ImGui@@YAXPEAUImGuiStyle@@@Z)
main.obj : error LNK2001: unresolved external symbol "struct ImVec2 __cdecl ImGui::GetWindowSize(void)" (?GetWindowSize@ImGui@@YA?AUImVec2@@XZ)
main.obj : error LNK2001: unresolved external symbol "void __cdecl ImGui::Render(void)" (?Render@ImGui@@YAXXZ)
main.obj : error LNK2001: unresolved external symbol "unsigned int __cdecl ImGui::ColorConvertFloat4ToU32(struct ImVec4 const &)" (?ColorConvertFloat4ToU32@ImGui@@YAIAEBUImVec4@@@Z)
main.obj : error LNK2001: unresolved external symbol "struct ImVec2 __cdecl ImGui::GetWindowPos(void)" (?GetWindowPos@ImGui@@YA?AUImVec2@@XZ)
main.obj : error LNK2001: unresolved external symbol "bool __cdecl ImGui::Begin(char const *,bool *,int)" (?Begin@ImGui@@YA_NPEBDPEA_NH@Z)
main.obj : error LNK2001: unresolved external symbol "void __cdecl ImGui::DestroyContext(struct ImGuiContext *)" (?DestroyContext@ImGui@@YAXPEAUImGuiContext@@@Z)
main.obj : error LNK2001: unresolved external symbol "struct ImDrawList * __cdecl ImGui::GetWindowDrawList(void)" (?GetWindowDrawList@ImGui@@YAPEAUImDrawList@@XZ)
main.obj : error LNK2001: unresolved external symbol "void __cdecl ImGui::Text(char const *,...)" (?Text@ImGui@@YAXPEBDZZ)
main.obj : error LNK2001: unresolved external symbol "void __cdecl ImGui::SetCursorPosX(float)" (?SetCursorPosX@ImGui@@YAXM@Z)
C:\Users\casey.kuhns\Documents\GitHub\imguDemo\DemoGui\Release\DemoGui.exe : fatal error LNK1120: 31 unresolved externals
